{
  "numTotalTestSuites": 4,
  "numPassedTestSuites": 4,
  "numFailedTestSuites": 0,
  "numPendingTestSuites": 0,
  "numTotalTests": 6,
  "numPassedTests": 6,
  "numFailedTests": 0,
  "numPendingTests": 0,
  "numTodoTests": 0,
  "startTime": 1669042148722,
  "success": true,
  "testResults": [
    {
      "assertionResults": [
        {
          "ancestorTitles": [
            "",
            "no props are informed"
          ],
          "fullName": " no props are informed should use the fallback content",
          "status": "passed",
          "title": "should use the fallback content",
          "duration": 22,
          "failureMessages": []
        },
        {
          "ancestorTitles": [
            "",
            "used with src and alt"
          ],
          "fullName": " used with src and alt Should render the component correctly",
          "status": "passed",
          "title": "Should render the component correctly",
          "duration": 3,
          "failureMessages": []
        },
        {
          "ancestorTitles": [
            "",
            "I want a variant image"
          ],
          "fullName": " I want a variant image Should render a round image if no variant is informed",
          "status": "passed",
          "title": "Should render a round image if no variant is informed",
          "duration": 3,
          "failureMessages": []
        },
        {
          "ancestorTitles": [
            "",
            "I want a variant image"
          ],
          "fullName": " I want a variant image Should render a round image if no variant is informed",
          "status": "passed",
          "title": "Should render a round image if no variant is informed",
          "duration": 2,
          "failureMessages": []
        },
        {
          "ancestorTitles": [
            "",
            "I want a variant image"
          ],
          "fullName": " I want a variant image Should not include other variants when one is declared",
          "status": "passed",
          "title": "Should not include other variants when one is declared",
          "duration": 2,
          "failureMessages": []
        },
        {
          "ancestorTitles": [
            "",
            "I want a variant image"
          ],
          "fullName": " I want a variant image Should not include other variants when one is declared",
          "status": "passed",
          "title": "Should not include other variants when one is declared",
          "duration": 2,
          "failureMessages": []
        }
      ],
      "startTime": 1669047351273,
      "endTime": 1669047351308,
      "status": "passed",
      "message": "",
      "name": "C:/Users/allan/Documents/git/zri/vue-sdz-v3/src/components/SAvatar/SAvatar.spec.ts"
    }
  ]
}