{
  "numTotalTestSuites": 3,
  "numPassedTestSuites": 2,
  "numFailedTestSuites": 1,
  "numPendingTestSuites": 0,
  "numTotalTests": 3,
  "numPassedTests": 3,
  "numFailedTests": 0,
  "numPendingTests": 0,
  "numTodoTests": 0,
  "startTime": 1669613957317,
  "success": false,
  "testResults": [
    {
      "assertionResults": [
        {
          "ancestorTitles": [
            "",
            "I customize the upload icon"
          ],
          "fullName": " I customize the upload icon Should not change the default icon when not passed through props",
          "status": "passed",
          "title": "Should not change the default icon when not passed through props",
          "duration": 30,
          "failureMessages": []
        },
        {
          "ancestorTitles": [
            "",
            "I customize the upload icon"
          ],
          "fullName": " I customize the upload icon Should change the icon as passed in props",
          "status": "passed",
          "title": "Should change the icon as passed in props",
          "duration": 5,
          "failureMessages": []
        },
        {
          "ancestorTitles": [
            "",
            "I customize the upload icon"
          ],
          "fullName": " I customize the upload icon Should change the icon as passed in props",
          "status": "passed",
          "title": "Should change the icon as passed in props",
          "duration": 4,
          "failureMessages": []
        }
      ],
      "startTime": 1669619866153,
      "endTime": 1669619866192,
      "status": "passed",
      "message": "",
      "name": "C:/Users/allan/Documents/git/zri/vue-sdz-v3/src/components/SUpload/tests/SDropzoneInput.spec.ts"
    }
  ]
}