{
  "numTotalTestSuites": 5,
  "numPassedTestSuites": 5,
  "numFailedTestSuites": 0,
  "numPendingTestSuites": 0,
  "numTotalTests": 27,
  "numPassedTests": 27,
  "numFailedTests": 0,
  "numPendingTests": 0,
  "numTodoTests": 1,
  "startTime": 1670335296192,
  "success": true,
  "testResults": [
    {
      "assertionResults": [
        {
          "ancestorTitles": [
            "",
            "I send data to the data table"
          ],
          "fullName": " I send data to the data table Should render the tabular data with as many array entries as it has length",
          "status": "skipped",
          "title": "Should render the tabular data with as many array entries as it has length",
          "failureMessages": []
        },
        {
          "ancestorTitles": [
            "",
            "I send data to the data table"
          ],
          "fullName": " I send data to the data table Should not render a loading div when no loading is present",
          "status": "skipped",
          "title": "Should not render a loading div when no loading is present",
          "failureMessages": []
        },
        {
          "ancestorTitles": [
            "",
            "I send data to the data table"
          ],
          "fullName": " I send data to the data table Should have slots available for each value sent by value",
          "status": "skipped",
          "title": "Should have slots available for each value sent by value",
          "failureMessages": []
        },
        {
          "ancestorTitles": [
            "",
            "I send data to the data table"
          ],
          "fullName": " I send data to the data table Should have slots available for each value sent by value",
          "status": "skipped",
          "title": "Should have slots available for each value sent by value",
          "failureMessages": []
        },
        {
          "ancestorTitles": [
            "",
            "I send data to the data table"
          ],
          "fullName": " I send data to the data table Should render a checkbox with each row when selectable is sent",
          "status": "skipped",
          "title": "Should render a checkbox with each row when selectable is sent",
          "failureMessages": []
        },
        {
          "ancestorTitles": [
            "",
            "I send data to the data table"
          ],
          "fullName": " I send data to the data table Should render a loader when isLoading prop is true",
          "status": "skipped",
          "title": "Should render a loader when isLoading prop is true",
          "failureMessages": []
        },
        {
          "ancestorTitles": [
            "",
            "I send data to the data table"
          ],
          "fullName": " I send data to the data table Should render the header with each column mapping to a name in cols",
          "status": "skipped",
          "title": "Should render the header with each column mapping to a name in cols",
          "failureMessages": []
        },
        {
          "ancestorTitles": [
            "",
            "I send data to the data table"
          ],
          "fullName": " I send data to the data table Should render a selectable thead with an input checkbox inside when prop selectable is passed",
          "status": "skipped",
          "title": "Should render a selectable thead with an input checkbox inside when prop selectable is passed",
          "failureMessages": []
        },
        {
          "ancestorTitles": [
            "",
            "I need a pagination functionality"
          ],
          "fullName": " I need a pagination functionality should have a total quantity of registries written in the pagination section",
          "status": "skipped",
          "title": "should have a total quantity of registries written in the pagination section",
          "failureMessages": []
        },
        {
          "ancestorTitles": [
            "",
            "I need a pagination functionality"
          ],
          "fullName": " I need a pagination functionality Should have the current page within the pagination container depending on how my items perPage I choose to show",
          "status": "skipped",
          "title": "Should have the current page within the pagination container depending on how my items perPage I choose to show",
          "failureMessages": []
        },
        {
          "ancestorTitles": [
            "",
            "I need a pagination functionality"
          ],
          "fullName": " I need a pagination functionality Should have the current page within the pagination container depending on how my items perPage I choose to show",
          "status": "skipped",
          "title": "Should have the current page within the pagination container depending on how my items perPage I choose to show",
          "failureMessages": []
        },
        {
          "ancestorTitles": [
            "",
            "I need a pagination functionality"
          ],
          "fullName": " I need a pagination functionality Should have the current page within the pagination container depending on how my items perPage I choose to show",
          "status": "skipped",
          "title": "Should have the current page within the pagination container depending on how my items perPage I choose to show",
          "failureMessages": []
        },
        {
          "ancestorTitles": [
            "",
            "I need a pagination functionality"
          ],
          "fullName": " I need a pagination functionality Should have the current page within the pagination container depending on how my items perPage I choose to show",
          "status": "skipped",
          "title": "Should have the current page within the pagination container depending on how my items perPage I choose to show",
          "failureMessages": []
        },
        {
          "ancestorTitles": [
            "",
            "I need a pagination functionality"
          ],
          "fullName": " I need a pagination functionality Should have the current page within the pagination container depending on how my items perPage I choose to show",
          "status": "skipped",
          "title": "Should have the current page within the pagination container depending on how my items perPage I choose to show",
          "failureMessages": []
        },
        {
          "ancestorTitles": [
            "",
            "I need a pagination functionality"
          ],
          "fullName": " I need a pagination functionality Should have the current page within the pagination container depending on how my items perPage I choose to show",
          "status": "skipped",
          "title": "Should have the current page within the pagination container depending on how my items perPage I choose to show",
          "failureMessages": []
        },
        {
          "ancestorTitles": [
            "",
            "I need a pagination functionality"
          ],
          "fullName": " I need a pagination functionality Should change pages and accordingly",
          "status": "skipped",
          "title": "Should change pages and accordingly",
          "failureMessages": []
        },
        {
          "ancestorTitles": [
            "",
            "I need a pagination functionality"
          ],
          "fullName": " I need a pagination functionality Should change pages and accordingly",
          "status": "skipped",
          "title": "Should change pages and accordingly",
          "failureMessages": []
        },
        {
          "ancestorTitles": [
            "",
            "I need a pagination functionality"
          ],
          "fullName": " I need a pagination functionality Should change pages and accordingly",
          "status": "skipped",
          "title": "Should change pages and accordingly",
          "failureMessages": []
        },
        {
          "ancestorTitles": [
            "",
            "I need a pagination functionality"
          ],
          "fullName": " I need a pagination functionality Should change pages and accordingly",
          "status": "skipped",
          "title": "Should change pages and accordingly",
          "failureMessages": []
        },
        {
          "ancestorTitles": [
            "",
            "I need a pagination functionality"
          ],
          "fullName": " I need a pagination functionality Should change pages and accordingly",
          "status": "skipped",
          "title": "Should change pages and accordingly",
          "failureMessages": []
        },
        {
          "ancestorTitles": [
            "",
            "I need a pagination functionality"
          ],
          "fullName": " I need a pagination functionality Should change pages and accordingly",
          "status": "skipped",
          "title": "Should change pages and accordingly",
          "failureMessages": []
        },
        {
          "ancestorTitles": [
            "",
            "I need a pagination functionality"
          ],
          "fullName": " I need a pagination functionality Should change pages and not go over the max pages available",
          "status": "skipped",
          "title": "Should change pages and not go over the max pages available",
          "failureMessages": []
        },
        {
          "ancestorTitles": [
            "",
            "I need a pagination functionality"
          ],
          "fullName": " I need a pagination functionality Should change back the pages",
          "status": "skipped",
          "title": "Should change back the pages",
          "failureMessages": []
        },
        {
          "ancestorTitles": [
            "",
            "I need a pagination functionality"
          ],
          "fullName": " I need a pagination functionality Should not go back after the minimum of 1",
          "status": "skipped",
          "title": "Should not go back after the minimum of 1",
          "failureMessages": []
        },
        {
          "ancestorTitles": [
            "",
            "I need a pagination functionality"
          ],
          "fullName": " I need a pagination functionality Should show the correct number of items based on pagination premises",
          "status": "skipped",
          "title": "Should show the correct number of items based on pagination premises",
          "failureMessages": []
        },
        {
          "ancestorTitles": [
            "",
            "I need a pagination functionality"
          ],
          "fullName": " I need a pagination functionality Should change perPage when clicked",
          "status": "todo",
          "title": "Should change perPage when clicked",
          "failureMessages": []
        },
        {
          "ancestorTitles": [
            "",
            "table is loading"
          ],
          "fullName": " table is loading Should disable all buttons when is loading",
          "status": "passed",
          "title": "Should disable all buttons when is loading",
          "duration": 36,
          "failureMessages": []
        }
      ],
      "startTime": 1670336456841,
      "endTime": 1670336456877,
      "status": "failed",
      "message": "",
      "name": "C:/Users/allan/Documents/git/zri/vue-sdz-v3/src/components/SDataTable/tests/SDataTable.spec.ts"
    }
  ]
}